<?xml version="1.0" encoding="UTF-8"?>
<!-- Generated by org.testng.reporters.JUnitReportReporter -->
<testsuite hostname="DESKTOP-P608A2C" failures="0" tests="1" name="Codility_Test.Codility_Test.AppTest" time="0.004" errors="0" timestamp="2021-11-13T14:47:15 GMT" skipped="0">
  <testcase classname="Codility_Test.Codility_Test.AppTest" name="shouldAnswerWithTrue" time="0.004"/>
  <system-out/>
</testsuite> <!-- Codility_Test.Codility_Test.AppTest -->
